<?xml version="1.0" encoding="UTF-8"?>
<testsuite name="End to End test for question" tests="1" skipped="0" failures="0" errors="0" timestamp="2021-03-24T11:36:29" hostname="00079FG" time="43.881">
  <properties/>
  <testcase name="SuperAdmin should be able to create moderator and editor roles" classname="End to End test for question" time="43.881"/>
  <system-out><![CDATA[@webEndToEnd
Feature: End to End test for question

  @webEndToEnd @rolesCreate
  Scenario: SuperAdmin should be able to create moderator and editor roles ?[90m# src/test/resources/fetaures/UIfeatures/EndToEnd.feature:8?[0m
[@webEndToEnd, @rolesCreate]
SuperAdmin should be able to create moderator and editor roles
BEFORE
11:36:29.537 [Test worker] DEBUG io.github.bonigarcia.wdm.cache.ResolutionCache - Resolution chrome=89 in cache (valid until 12:34:12 24/03/2021 GMT)
11:36:29.540 [Test worker] DEBUG io.github.bonigarcia.wdm.cache.ResolutionCache - Resolution chrome89=89.0.4389.23 in cache (valid until 11:34:12 25/03/2021 GMT)
11:36:29.540 [Test worker] INFO io.github.bonigarcia.wdm.WebDriverManager - Using chromedriver 89.0.4389.23 (resolved driver for Chrome 89)
11:36:29.552 [Test worker] DEBUG io.github.bonigarcia.wdm.WebDriverManager - Driver chromedriver 89.0.4389.23 found in cache
11:36:29.553 [Test worker] INFO io.github.bonigarcia.wdm.WebDriverManager - Exporting webdriver.chrome.driver as /Users/fatihgun/.cache/selenium/chromedriver/mac64/89.0.4389.23/chromedriver
    ?[32mGiven ?[0m?[32mlogin as a superadmin?[0m                                            ?[90m# EndToEndStepDef.login_as_a_superadmin()?[0m
Verify message: Teacher created
    ?[32mAnd ?[0m?[32mcreate a teacher and verify created teacher?[0m                        ?[90m# EndToEndStepDef.createATeacherAndVerifyCreatedTeacher()?[0m
Verify message: Salesman created
    ?[32mAnd ?[0m?[32mcreate a salesman and verify created salesman?[0m                      ?[90m# EndToEndStepDef.createASalesmanAndVerifyCreatedSalesman()?[0m
Verify message: School Admin created
    ?[32mAnd ?[0m?[32mcreate a schoolAdmin and verify schoolAdmin?[0m                        ?[90m# EndToEndStepDef.createASchoolAdminAndVerifySchoolAdmin()?[0m
AFTER
]]></system-out>
  <system-err><![CDATA[Starting ChromeDriver 89.0.4389.23 (61b08ee2c50024bab004e48d2b1b083cdbdac579-refs/branch-heads/4389@{#294}) on port 8665
Only local connections are allowed.
Please see https://chromedriver.chromium.org/security-considerations for suggestions on keeping ChromeDriver safe.
ChromeDriver was started successfully.
Mar 24, 2021 11:36:31 AM org.openqa.selenium.remote.ProtocolHandshake createSession
INFO: Detected dialect: W3C
]]></system-err>
</testsuite>
